0 info it worked if it ends with ok
1 verbose cli [ 'node', '/usr/local/bin/npm', 'install', '-g', 'ios-deplay' ]
2 info using npm@1.4.28
3 info using node@v0.10.32
4 verbose cache add [ 'ios-deplay', null ]
5 verbose cache add name=undefined spec="ios-deplay" args=["ios-deplay",null]
6 verbose parsed url { protocol: null,
6 verbose parsed url   slashes: null,
6 verbose parsed url   auth: null,
6 verbose parsed url   host: null,
6 verbose parsed url   port: null,
6 verbose parsed url   hostname: null,
6 verbose parsed url   hash: null,
6 verbose parsed url   search: null,
6 verbose parsed url   query: null,
6 verbose parsed url   pathname: 'ios-deplay',
6 verbose parsed url   path: 'ios-deplay',
6 verbose parsed url   href: 'ios-deplay' }
7 silly lockFile 11d7e4a9-ios-deplay ios-deplay
8 verbose lock ios-deplay /Users/arjunpothukuchi/.npm/11d7e4a9-ios-deplay.lock
9 silly lockFile 11d7e4a9-ios-deplay ios-deplay
10 silly lockFile 11d7e4a9-ios-deplay ios-deplay
11 verbose addNamed [ 'ios-deplay', '' ]
12 verbose addNamed [ null, '*' ]
13 silly lockFile 96ea8f07-ios-deplay ios-deplay@
14 verbose lock ios-deplay@ /Users/arjunpothukuchi/.npm/96ea8f07-ios-deplay.lock
15 silly addNameRange { name: 'ios-deplay', range: '*', hasData: false }
16 verbose request where is /ios-deplay
17 verbose request registry https://registry.npmjs.org/
18 verbose request id 1c2c68b2194939d2
19 verbose url raw /ios-deplay
20 verbose url resolving [ 'https://registry.npmjs.org/', './ios-deplay' ]
21 verbose url resolved https://registry.npmjs.org/ios-deplay
22 verbose request where is https://registry.npmjs.org/ios-deplay
23 info trying registry request attempt 1 at 01:10:10
24 http GET https://registry.npmjs.org/ios-deplay
25 http 404 https://registry.npmjs.org/ios-deplay
26 verbose headers { date: 'Sun, 19 Oct 2014 05:10:10 GMT',
26 verbose headers   server: 'CouchDB/1.5.0 (Erlang OTP/R16B03)',
26 verbose headers   'content-type': 'application/json',
26 verbose headers   'cache-control': 'max-age=0',
26 verbose headers   'content-length': '52',
26 verbose headers   'accept-ranges': 'bytes',
26 verbose headers   via: '1.1 varnish',
26 verbose headers   age: '0',
26 verbose headers   'x-served-by': 'cache-jfk1023-JFK',
26 verbose headers   'x-cache': 'MISS',
26 verbose headers   'x-cache-hits': '0',
26 verbose headers   'x-timer': 'S1413695410.522132,VS0,VE85',
26 verbose headers   'keep-alive': 'timeout=10, max=50',
26 verbose headers   connection: 'Keep-Alive' }
27 silly registry.get cb [ 404,
27 silly registry.get   { date: 'Sun, 19 Oct 2014 05:10:10 GMT',
27 silly registry.get     server: 'CouchDB/1.5.0 (Erlang OTP/R16B03)',
27 silly registry.get     'content-type': 'application/json',
27 silly registry.get     'cache-control': 'max-age=0',
27 silly registry.get     'content-length': '52',
27 silly registry.get     'accept-ranges': 'bytes',
27 silly registry.get     via: '1.1 varnish',
27 silly registry.get     age: '0',
27 silly registry.get     'x-served-by': 'cache-jfk1023-JFK',
27 silly registry.get     'x-cache': 'MISS',
27 silly registry.get     'x-cache-hits': '0',
27 silly registry.get     'x-timer': 'S1413695410.522132,VS0,VE85',
27 silly registry.get     'keep-alive': 'timeout=10, max=50',
27 silly registry.get     connection: 'Keep-Alive' } ]
28 silly lockFile 96ea8f07-ios-deplay ios-deplay@
29 silly lockFile 96ea8f07-ios-deplay ios-deplay@
30 error 404 404 Not Found: ios-deplay
30 error 404
30 error 404 'ios-deplay' is not in the npm registry.
30 error 404 You should bug the author to publish it
30 error 404
30 error 404 Note that you can also install from a
30 error 404 tarball, folder, or http url, or git url.
31 error System Darwin 13.4.0
32 error command "node" "/usr/local/bin/npm" "install" "-g" "ios-deplay"
33 error cwd /Users/arjunpothukuchi/first_app/hello/www
34 error node -v v0.10.32
35 error npm -v 1.4.28
36 error code E404
37 verbose exit [ 1, true ]
